--SET log_min_messages=debug1;
--SET client_min_messages=debug1;
SET datestyle=ISO;
-- timestamp with time zone differs based on this
SET timezone='Japan';
CREATE EXTENSION influxdb_fdw;
CREATE SERVER server1 FOREIGN DATA WRAPPER influxdb_fdw OPTIONS
(dbname 'mydb', host 'http://localhost', port '8086') ;
CREATE USER MAPPING FOR CURRENT_USER SERVER server1 OPTIONS(user 'user', password 'pass');
-- import time column as timestamp and text type
IMPORT FOREIGN SCHEMA public FROM SERVER server1 INTO public OPTIONS(import_time_text 'true');
SELECT * FROM cpu;
          time          |      time_text       |  tag1  |  tag2  | value1 | value2 | value3 | value4 
------------------------+----------------------+--------+--------+--------+--------+--------+--------
 2015-08-18 09:00:00+09 | 2015-08-18T00:00:00Z | tag1_A | tag2_A |    100 |    0.5 | str    | t
 2015-08-18 09:00:00+09 | 2015-08-18T00:00:00Z | tag1_B |        |    100 |      2 |        | f
 2015-08-18 09:48:08+09 | 2015-08-18T00:48:08Z |        | tag2_A |        |      2 |        | 
(3 rows)

SELECT tag1,value1 FROM cpu;
  tag1  | value1 
--------+--------
 tag1_A |    100
 tag1_B |    100
(2 rows)

SELECT value1,time,value2 FROM cpu;
 value1 |          time          | value2 
--------+------------------------+--------
    100 | 2015-08-18 09:00:00+09 |    0.5
    100 | 2015-08-18 09:00:00+09 |      2
        | 2015-08-18 09:48:08+09 |      2
(3 rows)

SELECT value1,time_text,value2 FROM cpu;
 value1 |      time_text       | value2 
--------+----------------------+--------
    100 | 2015-08-18T00:00:00Z |    0.5
    100 | 2015-08-18T00:00:00Z |      2
        | 2015-08-18T00:48:08Z |      2
(3 rows)

DROP FOREIGN TABLE cpu;
-- test EXECPT
IMPORT FOREIGN SCHEMA public EXCEPT (cpu) FROM SERVER server1 INTO public;
SELECT ftoptions FROM pg_foreign_table;
 ftoptions 
-----------
(0 rows)

-- test LIMIT TO
IMPORT FOREIGN SCHEMA public LIMIT TO (cpu) FROM SERVER server1 INTO public;
SELECT ftoptions FROM pg_foreign_table;
  ftoptions  
-------------
 {table=cpu}
(1 row)

DROP FOREIGN TABLE cpu;
IMPORT FOREIGN SCHEMA public FROM SERVER server1 INTO public OPTIONS(import_time_text 'false');
SELECT * FROM cpu;
          time          |  tag1  |  tag2  | value1 | value2 | value3 | value4 
------------------------+--------+--------+--------+--------+--------+--------
 2015-08-18 09:00:00+09 | tag1_A | tag2_A |    100 |    0.5 | str    | t
 2015-08-18 09:00:00+09 | tag1_B |        |    100 |      2 |        | f
 2015-08-18 09:48:08+09 |        | tag2_A |        |      2 |        | 
(3 rows)

SELECT tag1,value1 FROM cpu;
  tag1  | value1 
--------+--------
 tag1_A |    100
 tag1_B |    100
(2 rows)

SELECT value1,time,value2 FROM cpu;
 value1 |          time          | value2 
--------+------------------------+--------
    100 | 2015-08-18 09:00:00+09 |    0.5
    100 | 2015-08-18 09:00:00+09 |      2
        | 2015-08-18 09:48:08+09 |      2
(3 rows)

-- Get only tags returns no row. This behavior is based on InfluxDB 
SELECT tag1 FROM cpu;
 tag1 
------
(0 rows)

select
	at.attname,
	format_type(at.atttypid, at.atttypmod)
from
	pg_attribute as at
		left join pg_type as tp on (at.atttypid = tp.oid)
where
	at.attnum > 0 and
	at.attrelid = (select relfilenode from pg_class where relname = 'cpu')
order by
	at.attnum
;
 attname |       format_type        
---------+--------------------------
 time    | timestamp with time zone
 tag1    | text
 tag2    | text
 value1  | bigint
 value2  | double precision
 value3  | text
 value4  | boolean
(7 rows)

SELECT * FROM cpu WHERE value1=100;
          time          |  tag1  |  tag2  | value1 | value2 | value3 | value4 
------------------------+--------+--------+--------+--------+--------+--------
 2015-08-18 09:00:00+09 | tag1_A | tag2_A |    100 |    0.5 | str    | t
 2015-08-18 09:00:00+09 | tag1_B |        |    100 |      2 |        | f
(2 rows)

SELECT * FROM cpu WHERE value2=0.5;
          time          |  tag1  |  tag2  | value1 | value2 | value3 | value4 
------------------------+--------+--------+--------+--------+--------+--------
 2015-08-18 09:00:00+09 | tag1_A | tag2_A |    100 |    0.5 | str    | t
(1 row)

SELECT * FROM cpu WHERE value3='str';
          time          |  tag1  |  tag2  | value1 | value2 | value3 | value4 
------------------------+--------+--------+--------+--------+--------+--------
 2015-08-18 09:00:00+09 | tag1_A | tag2_A |    100 |    0.5 | str    | t
(1 row)

SELECT * FROM cpu WHERE value4=true;
          time          |  tag1  |  tag2  | value1 | value2 | value3 | value4 
------------------------+--------+--------+--------+--------+--------+--------
 2015-08-18 09:00:00+09 | tag1_A | tag2_A |    100 |    0.5 | str    | t
(1 row)

SELECT * FROM cpu WHERE NOT (value4 AND value1=100);
          time          |  tag1  | tag2 | value1 | value2 | value3 | value4 
------------------------+--------+------+--------+--------+--------+--------
 2015-08-18 09:00:00+09 | tag1_B |      |    100 |      2 |        | f
(1 row)

DROP FOREIGN TABLE cpu;
CREATE FOREIGN TABLE t1(time timestamp with time zone , tag1 text, value1 integer) SERVER server1  OPTIONS (table 'cpu');
CREATE FOREIGN TABLE t2(time timestamp , tag1 text, value1 integer) SERVER server1  OPTIONS (table 'cpu');
SELECT * FROM t1;
          time          |  tag1  | value1 
------------------------+--------+--------
 2015-08-18 09:00:00+09 | tag1_A |    100
 2015-08-18 09:00:00+09 | tag1_B |    100
(2 rows)

SELECT * FROM t1 WHERE time = TIMESTAMP WITH TIME ZONE '2015-08-18 09:00:00+09';
          time          |  tag1  | value1 
------------------------+--------+--------
 2015-08-18 09:00:00+09 | tag1_A |    100
 2015-08-18 09:00:00+09 | tag1_B |    100
(2 rows)

SELECT * FROM t1 WHERE time = TIMESTAMP '2015-08-18 00:00:00';
          time          |  tag1  | value1 
------------------------+--------+--------
 2015-08-18 09:00:00+09 | tag1_A |    100
 2015-08-18 09:00:00+09 | tag1_B |    100
(2 rows)

SELECT * FROM t2;
        time         |  tag1  | value1 
---------------------+--------+--------
 2015-08-18 00:00:00 | tag1_A |    100
 2015-08-18 00:00:00 | tag1_B |    100
(2 rows)

SELECT * FROM t2 WHERE time = TIMESTAMP WITH TIME ZONE '2015-08-18 09:00:00+09';
        time         |  tag1  | value1 
---------------------+--------+--------
 2015-08-18 00:00:00 | tag1_A |    100
 2015-08-18 00:00:00 | tag1_B |    100
(2 rows)

SELECT * FROM t2 WHERE time = TIMESTAMP '2015-08-18 00:00:00';
        time         |  tag1  | value1 
---------------------+--------+--------
 2015-08-18 00:00:00 | tag1_A |    100
 2015-08-18 00:00:00 | tag1_B |    100
(2 rows)

-- pushdown now()
SELECT * FROM t2 WHERE now() > time;
        time         |  tag1  | value1 
---------------------+--------+--------
 2015-08-18 00:00:00 | tag1_A |    100
 2015-08-18 00:00:00 | tag1_B |    100
(2 rows)

EXPLAIN (verbose) SELECT * FROM t2 WHERE now() > time;
                                 QUERY PLAN                                  
-----------------------------------------------------------------------------
 Foreign Scan on public.t2  (cost=10.00..401.00 rows=401 width=44)
   Output: "time", tag1, value1
   InfluxDB query: SELECT "tag1", "value1" FROM "cpu" WHERE ((now() > time))
(3 rows)

SELECT * FROM t2 WHERE time = TIMESTAMP  WITH TIME ZONE '2015-08-26 05:43:21.1+00' - interval '1 week 1 day 5 hour 43 minute 21 second 100 millisecond';
        time         |  tag1  | value1 
---------------------+--------+--------
 2015-08-18 00:00:00 | tag1_A |    100
 2015-08-18 00:00:00 | tag1_B |    100
(2 rows)

EXPLAIN (verbose)  SELECT * FROM t2 WHERE time = TIMESTAMP  WITH TIME ZONE '2015-08-26 05:43:21.1+00' - interval '1 week 1 day 5 hour 43 minute 21 second 100 millisecond';
                                                     QUERY PLAN                                                      
---------------------------------------------------------------------------------------------------------------------
 Foreign Scan on public.t2  (cost=10.00..6.00 rows=6 width=44)
   Output: "time", tag1, value1
   InfluxDB query: SELECT "tag1", "value1" FROM "cpu" WHERE ((time = ('2015-08-26 05:43:21.1' - 8d5h43m21s100000u)))
(3 rows)

-- InfluxDB does not seem to support time + interval, so below query does not work
-- SELECT * FROM t2 WHERE time + interval '1 seconds' = TIMESTAMP '2015-08-18 00:00:01+09';
-- InfluxDB does not support month or year interval, so not push down
SELECT * FROM t2 WHERE time = TIMESTAMP '2015-09-18 00:00:00' - interval '1 months';
        time         |  tag1  | value1 
---------------------+--------+--------
 2015-08-18 00:00:00 | tag1_A |    100
 2015-08-18 00:00:00 | tag1_B |    100
(2 rows)

EXPLAIN (verbose)  SELECT * FROM t2 WHERE time = TIMESTAMP '2015-09-18 00:00:00' - interval '1 months';
                                         QUERY PLAN                                          
---------------------------------------------------------------------------------------------
 Foreign Scan on public.t2  (cost=10.00..6.00 rows=6 width=44)
   Output: "time", tag1, value1
   InfluxDB query: SELECT "tag1", "value1" FROM "cpu" WHERE ((time = '2015-08-18 00:00:00'))
(3 rows)

DROP FOREIGN TABLE t1;
DROP FOREIGN TABLE t2;
-- Currently using column_name 'time' does not work 
-- CREATE FOREIGN TABLE t(tm timestamp OPTIONS (column_name 'time'),tm_with_zone timestamp with time zone OPTIONS (column_name 'time'), tag1 text,value1 integer) SERVER server1  OPTIONS (table 'cpu');
DROP USER MAPPING FOR CURRENT_USER SERVER server1;
DROP SERVER server1;
DROP EXTENSION influxdb_fdw CASCADE;
