--SET log_min_messages=debug1;
--SET client_min_messages=debug1;
--Testcase 1:
SET datestyle=ISO;
-- timestamp with time zone differs based on this
--Testcase 2:
SET timezone='UTC';
\set ECHO none
--Testcase 3:
CREATE EXTENSION influxdb_fdw;
--Testcase 4:
CREATE SERVER server1 FOREIGN DATA WRAPPER influxdb_fdw OPTIONS
(dbname 'mydb', :SERVER);
--Testcase 5:
CREATE USER MAPPING FOR CURRENT_USER SERVER server1 OPTIONS (:AUTHENTICATION);
-- import time column as timestamp and text type
IMPORT FOREIGN SCHEMA public FROM SERVER server1 INTO public OPTIONS(import_time_text 'true', schemaless 'true');
--ALTER EXTENSION influxdb_fdw ADD FUNCTION postgres_fdw_abs(int);
--ALTER SERVER server1 OPTIONS (ADD extensions 'influxdb_fdw');
--Testcase 6:
SELECT * FROM t4;
          time          |      time_text       |            tags            |              fields               
------------------------+----------------------+----------------------------+-----------------------------------
 1970-01-01 00:00:00+00 | 1970-01-01T00:00:00Z | {"tag1": "a", "tag2": "x"} | {"value1": "1", "value2": "100"}
 1970-01-01 00:00:01+00 | 1970-01-01T00:00:01Z | {"tag1": "a", "tag2": "y"} | {"value1": "2", "value2": "100"}
 1970-01-01 00:00:02+00 | 1970-01-01T00:00:02Z | {"tag1": "a", "tag2": "x"} | {"value1": "3", "value2": "100"}
 1970-01-01 00:00:03+00 | 1970-01-01T00:00:03Z | {"tag1": "b", "tag2": "y"} | {"value1": "10", "value2": "200"}
 1970-01-01 00:00:04+00 | 1970-01-01T00:00:04Z | {"tag1": "b", "tag2": "z"} | {"value1": "20", "value2": "200"}
 1970-01-01 00:00:05+00 | 1970-01-01T00:00:05Z | {"tag1": "b", "tag2": "z"} | {"value1": "30", "value2": "200"}
(6 rows)

--Testcase 7:
EXPLAIN (verbose)
SELECT sum((fields->>'value1')::bigint),influx_time(time,interval '1s', interval '0.00001s'),tags->>'tag1' tag1 FROM "t4" WHERE time >= '1970-01-01 00:00:00+00' and time <= '1970-01-01 0:00:05+00'
GROUP BY influx_time(time,interval '1s', interval '0.00001s'), tags->>'tag1';
                                                                                    QUERY PLAN                                                                                     
-----------------------------------------------------------------------------------------------------------------------------------------------------------------------------------
 Foreign Scan  (cost=1.00..1.00 rows=1 width=72)
   Output: (sum(((fields ->> 'value1'::text))::bigint)), (influx_time("time", '@ 1 sec'::interval, '@ 0.00001 secs'::interval)), ((tags ->> 'tag1'::text))
   InfluxDB query: SELECT sum("value1") FROM "t4" WHERE ((time >= '1970-01-01 00:00:00')) AND ((time <= '1970-01-01 00:00:05')) GROUP BY (time(0d0h0m1s0u, 0d0h0m0s10u)), ("tag1")
(3 rows)

--Testcase 8:
SELECT sum((fields->>'value1')::bigint),influx_time(time,interval '1s', interval '0.00001s'),tags->>'tag1' tag1 FROM "t4" WHERE time >= '1970-01-01 00:00:00+00' and time <= '1970-01-01 0:00:05+00'
GROUP BY influx_time(time,interval '1s', interval '0.00001s'), tags->>'tag1';
 sum |         influx_time          | tag1 
-----+------------------------------+------
   1 | 1969-12-31 23:59:59.00001+00 | a
   2 | 1970-01-01 00:00:00.00001+00 | a
   3 | 1970-01-01 00:00:01.00001+00 | a
     | 1970-01-01 00:00:02.00001+00 | a
     | 1970-01-01 00:00:03.00001+00 | a
     | 1970-01-01 00:00:04.00001+00 | a
     | 1969-12-31 23:59:59.00001+00 | b
     | 1970-01-01 00:00:00.00001+00 | b
     | 1970-01-01 00:00:01.00001+00 | b
  10 | 1970-01-01 00:00:02.00001+00 | b
  20 | 1970-01-01 00:00:03.00001+00 | b
  30 | 1970-01-01 00:00:04.00001+00 | b
(12 rows)

--Testcase 9:
EXPLAIN (verbose)
SELECT tags->>'tag1' tag1,sum((fields->>'value1')::bigint),tags->>'tag2' tag2 FROM "t4" WHERE time >= '1970-01-01 00:00:00+00' and time <= '1970-01-01 0:00:05+00'
 GROUP BY tags->>'tag2', tags->>'tag1';
                                                                         QUERY PLAN                                                                         
------------------------------------------------------------------------------------------------------------------------------------------------------------
 Foreign Scan  (cost=1.00..1.00 rows=1 width=96)
   Output: ((tags ->> 'tag1'::text)), (sum(((fields ->> 'value1'::text))::bigint)), ((tags ->> 'tag2'::text))
   InfluxDB query: SELECT sum("value1") FROM "t4" WHERE ((time >= '1970-01-01 00:00:00')) AND ((time <= '1970-01-01 00:00:05')) GROUP BY ("tag2"), ("tag1")
(3 rows)

--Testcase 10:
SELECT tags->>'tag1' tag1,sum((fields->>'value1')::bigint),tags->>'tag2' tag2 FROM "t4" WHERE time >= '1970-01-01 00:00:00+00' and time <= '1970-01-01 0:00:05+00'
 GROUP BY tags->>'tag2', tags->>'tag1';
 tag1 | sum | tag2 
------+-----+------
 a    |   4 | x
 a    |   2 | y
 b    |  10 | y
 b    |  50 | z
(4 rows)

--Testcase 11:
SELECT tags->>'tag1' tag1,sum((fields->>'value1')::bigint), count((fields->>'value1')::bigint), tags->>'tag2' tag2 FROM "t4" group by tags->>'tag1', tags->>'tag2';
 tag1 | sum | count | tag2 
------+-----+-------+------
 a    |   4 |     2 | x
 a    |   2 |     1 | y
 b    |  10 |     1 | y
 b    |  50 |     2 | z
(4 rows)

--Testcase 12:
EXPLAIN (verbose)  SELECT tags->>'tag1' tag1,sum((fields->>'value1')::bigint), count((fields->>'value1')::bigint), tags->>'tag2' tag2 FROM "t4" group by tags->>'tag1', tags->>'tag2';
                                                                          QUERY PLAN                                                                          
--------------------------------------------------------------------------------------------------------------------------------------------------------------
 Foreign Scan  (cost=1.00..1.00 rows=1 width=104)
   Output: ((tags ->> 'tag1'::text)), (sum(((fields ->> 'value1'::text))::bigint)), (count(((fields ->> 'value1'::text))::bigint)), ((tags ->> 'tag2'::text))
   InfluxDB query: SELECT sum("value1"), count("value1") FROM "t4" GROUP BY ("tag1"), ("tag2")
(3 rows)

--Testcase 13:
SELECT influx_time(time,interval '5s',interval '0s'),tags->>'tag1' tag1,last(time, (fields->>'value1')::bigint) FROM "t4" WHERE time >= '1970-01-01 00:00:00+00' and time <= '1970-01-01 0:00:05+00'
 GROUP BY influx_time(time,interval '5s', interval '0s'), tags->>'tag1';
      influx_time       | tag1 | last 
------------------------+------+------
 1970-01-01 00:00:00+00 | a    |    3
 1970-01-01 00:00:05+00 | a    |     
 1970-01-01 00:00:00+00 | b    |   20
 1970-01-01 00:00:05+00 | b    |   30
(4 rows)

--Testcase 14:
EXPLAIN (VERBOSE)
SELECT influx_time(time,interval '5s',interval '0s'),tags->>'tag1' tag1,last(time, (fields->>'value1')::bigint) FROM "t4" WHERE time >= '1970-01-01 00:00:00+00' and time <= '1970-01-01 0:00:05+00'
GROUP BY influx_time(time,interval '5s', interval '0s'), tags->>'tag1';
                                                                                    QUERY PLAN                                                                                     
-----------------------------------------------------------------------------------------------------------------------------------------------------------------------------------
 Foreign Scan  (cost=1.00..1.00 rows=1 width=48)
   Output: (influx_time("time", '@ 5 secs'::interval, '@ 0'::interval)), ((tags ->> 'tag1'::text)), (last("time", ((fields ->> 'value1'::text))::bigint))
   InfluxDB query: SELECT last("value1") FROM "t4" WHERE ((time >= '1970-01-01 00:00:00')) AND ((time <= '1970-01-01 00:00:05')) GROUP BY (time(0d0h0m5s0u, 0d0h0m0s0u)), ("tag1")
(3 rows)

-- no offset
--Testcase 15:
SELECT influx_time(time,interval '5s'),tags->>'tag1' tag1,last(time, (fields->>'value1')::bigint) FROM "t4" WHERE time >= '1970-01-01 00:00:00+00' and time <= '1970-01-01 0:00:05+00'
GROUP BY influx_time(time,interval '5s'), tags->>'tag1';
      influx_time       | tag1 | last 
------------------------+------+------
 1970-01-01 00:00:00+00 | a    |    3
 1970-01-01 00:00:05+00 | a    |     
 1970-01-01 00:00:00+00 | b    |   20
 1970-01-01 00:00:05+00 | b    |   30
(4 rows)

--Testcase 16:
EXPLAIN (verbose)
SELECT last(time, (fields->>'value1')::bigint),last(time, (fields->>'value2')::bigint) FROM t4 GROUP BY tags->>'tag1';
                                                                    QUERY PLAN                                                                     
---------------------------------------------------------------------------------------------------------------------------------------------------
 Foreign Scan  (cost=1.00..1.00 rows=1 width=48)
   Output: (last("time", ((fields ->> 'value1'::text))::bigint)), (last("time", ((fields ->> 'value2'::text))::bigint)), ((tags ->> 'tag1'::text))
   InfluxDB query: SELECT last("value1"), last("value2") FROM "t4" GROUP BY ("tag1")
(3 rows)

--Testcase 17:
SELECT last(time, (fields->>'value1')::bigint),last(time, (fields->>'value2')::bigint) FROM t4 GROUP BY tags->>'tag1';
 last | last 
------+------
    3 |  100
   30 |  200
(2 rows)

-- GROUP BY time intervals and fill()
--Testcase 18:
SELECT * FROM tx;
          time          |      time_text       |            tags             |               fields               
------------------------+----------------------+-----------------------------+------------------------------------
 1970-01-01 00:00:00+00 | 1970-01-01T00:00:00Z | {"tag1": "a", "tag2": "x"}  | {"value1": "1", "value2": "100"}
 1970-01-01 00:00:01+00 | 1970-01-01T00:00:01Z | {"tag1": "a", "tag2": "y"}  | {"value1": "2", "value2": "100"}
 1970-01-01 00:00:02+00 | 1970-01-01T00:00:02Z | {"tag1": "a", "tag2": "x"}  | {"value1": "3", "value2": "100"}
 1970-01-01 00:00:03+00 | 1970-01-01T00:00:03Z | {"tag1": "b", "tag2": "y"}  | {"value1": "10", "value2": "200"}
 1970-01-01 00:00:04+00 | 1970-01-01T00:00:04Z | {"tag1": "b", "tag2": "z"}  | {"value1": "20", "value2": "200"}
 1970-01-01 00:00:05+00 | 1970-01-01T00:00:05Z | {"tag1": "b", "tag2": "z"}  | {"value1": "30", "value2": "200"}
 1970-01-01 00:00:06+00 | 1970-01-01T00:00:06Z | {"tag1": "b", "tag2": "z"}  | {"value1": null, "value2": "200"}
 1970-01-01 00:00:07+00 | 1970-01-01T00:00:07Z | {"tag1": "b", "tag2": "z"}  | {"value1": null, "value2": "200"}
 1970-01-01 00:00:08+00 | 1970-01-01T00:00:08Z | {"tag1": "b", "tag2": "z"}  | {"value1": "80", "value2": "200"}
 1970-01-01 00:00:09+00 | 1970-01-01T00:00:09Z | {"tag1": "b", "tag2": "z"}  | {"value1": "90", "value2": "200"}
 1970-01-01 00:00:10+00 | 1970-01-01T00:00:10Z | {"tag1": "b", "tag2": "z"}  | {"value1": null, "value2": "200"}
 1970-01-01 00:00:11+00 | 1970-01-01T00:00:11Z | {"tag1": "b", "tag2": "z"}  | {"value1": null, "value2": "200"}
 1970-01-01 00:00:12+00 | 1970-01-01T00:00:12Z | {"tag1": "b", "tag2": "z"}  | {"value1": null, "value2": "200"}
 1970-01-01 00:00:13+00 | 1970-01-01T00:00:13Z | {"tag1": "b", "tag2": "z"}  | {"value1": null, "value2": "200"}
 1970-01-01 00:00:14+00 | 1970-01-01T00:00:14Z | {"tag1": "b", "tag2": "z"}  | {"value1": "140", "value2": "200"}
 1970-01-01 00:00:15+00 | 1970-01-01T00:00:15Z | {"tag1": "b", "tag2": "z"}  | {"value1": "150", "value2": "200"}
 1970-01-01 00:00:16+00 | 1970-01-01T00:00:16Z | {"tag1": "c", "tag2": "zz"} | {"value1": null, "value2": "2000"}
 1970-01-01 00:00:20+00 | 1970-01-01T00:00:20Z | {"tag1": "c", "tag2": "zz"} | {"value1": null, "value2": "2000"}
(18 rows)

--Testcase 19:
EXPLAIN (verbose)
SELECT sum((fields->>'value1')::bigint), influx_time(time,interval '2s', influx_fill_numeric(100)) FROM "tx"
WHERE time >= '1970-01-01 00:00:00+00' and time <= '1970-01-01 0:00:15+00'
GROUP BY influx_time(time,interval '2s', influx_fill_numeric(100));
                                                                              QUERY PLAN                                                                              
----------------------------------------------------------------------------------------------------------------------------------------------------------------------
 Foreign Scan  (cost=1.00..1.00 rows=1 width=40)
   Output: (sum(((fields ->> 'value1'::text))::bigint)), (influx_time("time", '@ 2 secs'::interval, influx_fill_numeric(100)))
   InfluxDB query: SELECT sum("value1") FROM "tx" WHERE ((time >= '1970-01-01 00:00:00')) AND ((time <= '1970-01-01 00:00:15')) GROUP BY (time(0d0h0m2s0u)) fill(100)
(3 rows)

--Testcase 20:
SELECT sum((fields->>'value1')::bigint), influx_time(time,interval '2s', influx_fill_numeric(100)) FROM "tx"
WHERE time >= '1970-01-01 00:00:00+00' and time <= '1970-01-01 0:00:15+00'
GROUP BY influx_time(time,interval '2s', influx_fill_numeric(100));
 sum |      influx_time       
-----+------------------------
   3 | 1970-01-01 00:00:00+00
  13 | 1970-01-01 00:00:02+00
  50 | 1970-01-01 00:00:04+00
 100 | 1970-01-01 00:00:06+00
 170 | 1970-01-01 00:00:08+00
 100 | 1970-01-01 00:00:10+00
 100 | 1970-01-01 00:00:12+00
 290 | 1970-01-01 00:00:14+00
(8 rows)

--Testcase 21:
EXPLAIN (verbose)
SELECT sum((fields->>'value1')::bigint), influx_time(time,interval '2s', influx_fill_numeric(100.001)) FROM "tx"
WHERE time >= '1970-01-01 00:00:00+00' and time <= '1970-01-01 0:00:15+00'
GROUP BY influx_time(time,interval '2s', influx_fill_numeric(100.001));
                                                                                QUERY PLAN                                                                                
--------------------------------------------------------------------------------------------------------------------------------------------------------------------------
 Foreign Scan  (cost=1.00..1.00 rows=1 width=40)
   Output: (sum(((fields ->> 'value1'::text))::bigint)), (influx_time("time", '@ 2 secs'::interval, influx_fill_numeric('100.001'::double precision)))
   InfluxDB query: SELECT sum("value1") FROM "tx" WHERE ((time >= '1970-01-01 00:00:00')) AND ((time <= '1970-01-01 00:00:15')) GROUP BY (time(0d0h0m2s0u)) fill(100.001)
(3 rows)

--Testcase 22:
SELECT sum((fields->>'value1')::bigint), influx_time(time,interval '2s', influx_fill_numeric(100.001)) FROM "tx"
WHERE time >= '1970-01-01 00:00:00+00' and time <= '1970-01-01 0:00:15+00'
GROUP BY influx_time(time,interval '2s', influx_fill_numeric(100.001));
   sum   |      influx_time       
---------+------------------------
       3 | 1970-01-01 00:00:00+00
      13 | 1970-01-01 00:00:02+00
      50 | 1970-01-01 00:00:04+00
 100.001 | 1970-01-01 00:00:06+00
     170 | 1970-01-01 00:00:08+00
 100.001 | 1970-01-01 00:00:10+00
 100.001 | 1970-01-01 00:00:12+00
     290 | 1970-01-01 00:00:14+00
(8 rows)

--Testcase 23:
EXPLAIN (verbose)
SELECT sum((fields->>'value1')::bigint), influx_time(time,interval '2s', influx_fill_option('none')) FROM "tx"
WHERE time >= '1970-01-01 00:00:00+00' and time <= '1970-01-01 0:00:15+00'
GROUP BY influx_time(time,interval '2s', influx_fill_option('none'));
                                                                              QUERY PLAN                                                                               
-----------------------------------------------------------------------------------------------------------------------------------------------------------------------
 Foreign Scan  (cost=1.00..1.00 rows=1 width=40)
   Output: (sum(((fields ->> 'value1'::text))::bigint)), (influx_time("time", '@ 2 secs'::interval, influx_fill_option('none'::influx_fill_enum)))
   InfluxDB query: SELECT sum("value1") FROM "tx" WHERE ((time >= '1970-01-01 00:00:00')) AND ((time <= '1970-01-01 00:00:15')) GROUP BY (time(0d0h0m2s0u)) fill(none)
(3 rows)

--Testcase 24:
SELECT sum((fields->>'value1')::bigint), influx_time(time,interval '2s', influx_fill_option('none')) FROM "tx"
WHERE time >= '1970-01-01 00:00:00+00' and time <= '1970-01-01 0:00:15+00'
GROUP BY influx_time(time,interval '2s', influx_fill_option('none'));
 sum |      influx_time       
-----+------------------------
   3 | 1970-01-01 00:00:00+00
  13 | 1970-01-01 00:00:02+00
  50 | 1970-01-01 00:00:04+00
 170 | 1970-01-01 00:00:08+00
 290 | 1970-01-01 00:00:14+00
(5 rows)

--Testcase 25:
EXPLAIN (verbose)
SELECT sum((fields->>'value1')::bigint), influx_time(time,interval '2s', influx_fill_option('null')) FROM "tx"
WHERE time >= '1970-01-01 00:00:00+00' and time <= '1970-01-01 0:00:15+00'
GROUP BY influx_time(time,interval '2s', influx_fill_option('null'));
                                                                              QUERY PLAN                                                                               
-----------------------------------------------------------------------------------------------------------------------------------------------------------------------
 Foreign Scan  (cost=1.00..1.00 rows=1 width=40)
   Output: (sum(((fields ->> 'value1'::text))::bigint)), (influx_time("time", '@ 2 secs'::interval, influx_fill_option('null'::influx_fill_enum)))
   InfluxDB query: SELECT sum("value1") FROM "tx" WHERE ((time >= '1970-01-01 00:00:00')) AND ((time <= '1970-01-01 00:00:15')) GROUP BY (time(0d0h0m2s0u)) fill(null)
(3 rows)

--Testcase 26:
SELECT sum((fields->>'value1')::bigint), influx_time(time,interval '2s', influx_fill_option('null')) FROM "tx"
WHERE time >= '1970-01-01 00:00:00+00' and time <= '1970-01-01 0:00:15+00'
GROUP BY influx_time(time,interval '2s', influx_fill_option('null'));
 sum |      influx_time       
-----+------------------------
   3 | 1970-01-01 00:00:00+00
  13 | 1970-01-01 00:00:02+00
  50 | 1970-01-01 00:00:04+00
     | 1970-01-01 00:00:06+00
 170 | 1970-01-01 00:00:08+00
     | 1970-01-01 00:00:10+00
     | 1970-01-01 00:00:12+00
 290 | 1970-01-01 00:00:14+00
(8 rows)

--Testcase 27:
EXPLAIN (verbose)
SELECT sum((fields->>'value1')::bigint), influx_time(time,interval '2s', influx_fill_option('previous')) FROM "tx"
WHERE time >= '1970-01-01 00:00:00+00' and time <= '1970-01-01 0:00:15+00'
GROUP BY influx_time(time,interval '2s', influx_fill_option('previous'));
                                                                                QUERY PLAN                                                                                 
---------------------------------------------------------------------------------------------------------------------------------------------------------------------------
 Foreign Scan  (cost=1.00..1.00 rows=1 width=40)
   Output: (sum(((fields ->> 'value1'::text))::bigint)), (influx_time("time", '@ 2 secs'::interval, influx_fill_option('previous'::influx_fill_enum)))
   InfluxDB query: SELECT sum("value1") FROM "tx" WHERE ((time >= '1970-01-01 00:00:00')) AND ((time <= '1970-01-01 00:00:15')) GROUP BY (time(0d0h0m2s0u)) fill(previous)
(3 rows)

--Testcase 28:
SELECT sum((fields->>'value1')::bigint), influx_time(time,interval '2s', influx_fill_option('previous')) FROM "tx"
WHERE time >= '1970-01-01 00:00:00+00' and time <= '1970-01-01 0:00:15+00'
GROUP BY influx_time(time,interval '2s', influx_fill_option('previous'));
 sum |      influx_time       
-----+------------------------
   3 | 1970-01-01 00:00:00+00
  13 | 1970-01-01 00:00:02+00
  50 | 1970-01-01 00:00:04+00
  50 | 1970-01-01 00:00:06+00
 170 | 1970-01-01 00:00:08+00
 170 | 1970-01-01 00:00:10+00
 170 | 1970-01-01 00:00:12+00
 290 | 1970-01-01 00:00:14+00
(8 rows)

--Testcase 29:
EXPLAIN (verbose)
SELECT sum((fields->>'value1')::bigint), influx_time(time,interval '2s', influx_fill_option('linear')) FROM "tx"
WHERE time >= '1970-01-01 00:00:00+00' and time <= '1970-01-01 0:00:15+00'
GROUP BY influx_time(time,interval '2s', influx_fill_option('linear'));
                                                                               QUERY PLAN                                                                                
-------------------------------------------------------------------------------------------------------------------------------------------------------------------------
 Foreign Scan  (cost=1.00..1.00 rows=1 width=40)
   Output: (sum(((fields ->> 'value1'::text))::bigint)), (influx_time("time", '@ 2 secs'::interval, influx_fill_option('linear'::influx_fill_enum)))
   InfluxDB query: SELECT sum("value1") FROM "tx" WHERE ((time >= '1970-01-01 00:00:00')) AND ((time <= '1970-01-01 00:00:15')) GROUP BY (time(0d0h0m2s0u)) fill(linear)
(3 rows)

--Testcase 30:
SELECT sum((fields->>'value1')::bigint), influx_time(time,interval '2s', influx_fill_option('linear')) FROM "tx"
WHERE time >= '1970-01-01 00:00:00+00' and time <= '1970-01-01 0:00:15+00'
GROUP BY influx_time(time,interval '2s', influx_fill_option('linear'));
 sum |      influx_time       
-----+------------------------
   3 | 1970-01-01 00:00:00+00
  13 | 1970-01-01 00:00:02+00
  50 | 1970-01-01 00:00:04+00
 110 | 1970-01-01 00:00:06+00
 170 | 1970-01-01 00:00:08+00
 210 | 1970-01-01 00:00:10+00
 250 | 1970-01-01 00:00:12+00
 290 | 1970-01-01 00:00:14+00
(8 rows)

-- with offset interval '0.00001s'
--Testcase 31:
EXPLAIN (verbose)
SELECT sum((fields->>'value1')::bigint), influx_time(time,interval '2s', interval '0.00001s', influx_fill_numeric(100)) FROM "tx"
WHERE time >= '1970-01-01 00:00:00+00' and time <= '1970-01-01 0:00:15+00'
GROUP BY influx_time(time,interval '2s', interval '0.00001s', influx_fill_numeric(100));
                                                                                    QUERY PLAN                                                                                     
-----------------------------------------------------------------------------------------------------------------------------------------------------------------------------------
 Foreign Scan  (cost=1.00..1.00 rows=1 width=40)
   Output: (sum(((fields ->> 'value1'::text))::bigint)), (influx_time("time", '@ 2 secs'::interval, '@ 0.00001 secs'::interval, influx_fill_numeric(100)))
   InfluxDB query: SELECT sum("value1") FROM "tx" WHERE ((time >= '1970-01-01 00:00:00')) AND ((time <= '1970-01-01 00:00:15')) GROUP BY (time(0d0h0m2s0u, 0d0h0m0s10u)) fill(100)
(3 rows)

--Testcase 32:
SELECT sum((fields->>'value1')::bigint), influx_time(time,interval '2s', interval '0.00001s', influx_fill_numeric(100)) FROM "tx"
WHERE time >= '1970-01-01 00:00:00+00' and time <= '1970-01-01 0:00:15+00'
GROUP BY influx_time(time,interval '2s', interval '0.00001s', influx_fill_numeric(100));
 sum |         influx_time          
-----+------------------------------
   1 | 1969-12-31 23:59:58.00001+00
   5 | 1970-01-01 00:00:00.00001+00
  30 | 1970-01-01 00:00:02.00001+00
  30 | 1970-01-01 00:00:04.00001+00
  80 | 1970-01-01 00:00:06.00001+00
  90 | 1970-01-01 00:00:08.00001+00
 100 | 1970-01-01 00:00:10.00001+00
 140 | 1970-01-01 00:00:12.00001+00
 150 | 1970-01-01 00:00:14.00001+00
(9 rows)

--Testcase 33:
EXPLAIN (verbose)
SELECT sum((fields->>'value1')::bigint), influx_time(time,interval '2s', interval '0.00001s', influx_fill_numeric(100)), tags->>'tag1' tag1 FROM "tx"
WHERE time >= '1970-01-01 00:00:00+00' and time <= '1970-01-01 0:00:15+00'
GROUP BY influx_time(time,interval '2s', interval '0.00001s', influx_fill_numeric(100)), tags->>'tag1';
                                                                                         QUERY PLAN                                                                                          
---------------------------------------------------------------------------------------------------------------------------------------------------------------------------------------------
 Foreign Scan  (cost=1.00..1.00 rows=1 width=72)
   Output: (sum(((fields ->> 'value1'::text))::bigint)), (influx_time("time", '@ 2 secs'::interval, '@ 0.00001 secs'::interval, influx_fill_numeric(100))), ((tags ->> 'tag1'::text))
   InfluxDB query: SELECT sum("value1") FROM "tx" WHERE ((time >= '1970-01-01 00:00:00')) AND ((time <= '1970-01-01 00:00:15')) GROUP BY (time(0d0h0m2s0u, 0d0h0m0s10u)), ("tag1") fill(100)
(3 rows)

--Testcase 34:
SELECT sum((fields->>'value1')::bigint), influx_time(time,interval '2s', interval '0.00001s', influx_fill_numeric(100)), tags->>'tag1' tag1 FROM "tx"
WHERE time >= '1970-01-01 00:00:00+00' and time <= '1970-01-01 0:00:15+00'
GROUP BY influx_time(time,interval '2s', interval '0.00001s', influx_fill_numeric(100)), tags->>'tag1';
 sum |         influx_time          | tag1 
-----+------------------------------+------
   1 | 1969-12-31 23:59:58.00001+00 | a
   5 | 1970-01-01 00:00:00.00001+00 | a
 100 | 1970-01-01 00:00:02.00001+00 | a
 100 | 1970-01-01 00:00:04.00001+00 | a
 100 | 1970-01-01 00:00:06.00001+00 | a
 100 | 1970-01-01 00:00:08.00001+00 | a
 100 | 1970-01-01 00:00:10.00001+00 | a
 100 | 1970-01-01 00:00:12.00001+00 | a
 100 | 1970-01-01 00:00:14.00001+00 | a
 100 | 1969-12-31 23:59:58.00001+00 | b
 100 | 1970-01-01 00:00:00.00001+00 | b
  30 | 1970-01-01 00:00:02.00001+00 | b
  30 | 1970-01-01 00:00:04.00001+00 | b
  80 | 1970-01-01 00:00:06.00001+00 | b
  90 | 1970-01-01 00:00:08.00001+00 | b
 100 | 1970-01-01 00:00:10.00001+00 | b
 140 | 1970-01-01 00:00:12.00001+00 | b
 150 | 1970-01-01 00:00:14.00001+00 | b
(18 rows)

--Testcase 35:
EXPLAIN (verbose)
SELECT sum((fields->>'value1')::bigint), influx_time(time,interval '2s', interval '0.00001s', influx_fill_numeric(100)), tags->>'tag1' tag1, tags->>'tag2' tag2 FROM "tx"
WHERE time >= '1970-01-01 00:00:00+00' and time <= '1970-01-01 0:00:15+00'
GROUP BY influx_time(time,interval '2s', interval '0.00001s', influx_fill_numeric(100)), tags->>'tag1', tags->>'tag2';
                                                                                                   QUERY PLAN                                                                                                    
-----------------------------------------------------------------------------------------------------------------------------------------------------------------------------------------------------------------
 Foreign Scan  (cost=1.00..1.00 rows=1 width=104)
   Output: (sum(((fields ->> 'value1'::text))::bigint)), (influx_time("time", '@ 2 secs'::interval, '@ 0.00001 secs'::interval, influx_fill_numeric(100))), ((tags ->> 'tag1'::text)), ((tags ->> 'tag2'::text))
   InfluxDB query: SELECT sum("value1") FROM "tx" WHERE ((time >= '1970-01-01 00:00:00')) AND ((time <= '1970-01-01 00:00:15')) GROUP BY (time(0d0h0m2s0u, 0d0h0m0s10u)), ("tag1"), ("tag2") fill(100)
(3 rows)

--Testcase 36:
SELECT sum((fields->>'value1')::bigint), influx_time(time,interval '2s', interval '0.00001s', influx_fill_numeric(100)), tags->>'tag1' tag1, tags->>'tag2' tag2 FROM "tx"
WHERE time >= '1970-01-01 00:00:00+00' and time <= '1970-01-01 0:00:15+00'
GROUP BY influx_time(time,interval '2s', interval '0.00001s', influx_fill_numeric(100)), tags->>'tag1', tags->>'tag2';
 sum |         influx_time          | tag1 | tag2 
-----+------------------------------+------+------
   1 | 1969-12-31 23:59:58.00001+00 | a    | x
   3 | 1970-01-01 00:00:00.00001+00 | a    | x
 100 | 1970-01-01 00:00:02.00001+00 | a    | x
 100 | 1970-01-01 00:00:04.00001+00 | a    | x
 100 | 1970-01-01 00:00:06.00001+00 | a    | x
 100 | 1970-01-01 00:00:08.00001+00 | a    | x
 100 | 1970-01-01 00:00:10.00001+00 | a    | x
 100 | 1970-01-01 00:00:12.00001+00 | a    | x
 100 | 1970-01-01 00:00:14.00001+00 | a    | x
 100 | 1969-12-31 23:59:58.00001+00 | a    | y
   2 | 1970-01-01 00:00:00.00001+00 | a    | y
 100 | 1970-01-01 00:00:02.00001+00 | a    | y
 100 | 1970-01-01 00:00:04.00001+00 | a    | y
 100 | 1970-01-01 00:00:06.00001+00 | a    | y
 100 | 1970-01-01 00:00:08.00001+00 | a    | y
 100 | 1970-01-01 00:00:10.00001+00 | a    | y
 100 | 1970-01-01 00:00:12.00001+00 | a    | y
 100 | 1970-01-01 00:00:14.00001+00 | a    | y
 100 | 1969-12-31 23:59:58.00001+00 | b    | y
 100 | 1970-01-01 00:00:00.00001+00 | b    | y
  10 | 1970-01-01 00:00:02.00001+00 | b    | y
 100 | 1970-01-01 00:00:04.00001+00 | b    | y
 100 | 1970-01-01 00:00:06.00001+00 | b    | y
 100 | 1970-01-01 00:00:08.00001+00 | b    | y
 100 | 1970-01-01 00:00:10.00001+00 | b    | y
 100 | 1970-01-01 00:00:12.00001+00 | b    | y
 100 | 1970-01-01 00:00:14.00001+00 | b    | y
 100 | 1969-12-31 23:59:58.00001+00 | b    | z
 100 | 1970-01-01 00:00:00.00001+00 | b    | z
  20 | 1970-01-01 00:00:02.00001+00 | b    | z
  30 | 1970-01-01 00:00:04.00001+00 | b    | z
  80 | 1970-01-01 00:00:06.00001+00 | b    | z
  90 | 1970-01-01 00:00:08.00001+00 | b    | z
 100 | 1970-01-01 00:00:10.00001+00 | b    | z
 140 | 1970-01-01 00:00:12.00001+00 | b    | z
 150 | 1970-01-01 00:00:14.00001+00 | b    | z
(36 rows)

--with tag1
--Testcase 37:
EXPLAIN (verbose)
SELECT sum((fields->>'value1')::bigint), influx_time(time,interval '2s', influx_fill_numeric(100)), tags->>'tag1' tag1 FROM "tx"
WHERE time >= '1970-01-01 00:00:00+00' and time <= '1970-01-01 0:00:15+00'
GROUP BY influx_time(time,interval '2s', influx_fill_numeric(100)), tags->>'tag1';
                                                                                   QUERY PLAN                                                                                   
--------------------------------------------------------------------------------------------------------------------------------------------------------------------------------
 Foreign Scan  (cost=1.00..1.00 rows=1 width=72)
   Output: (sum(((fields ->> 'value1'::text))::bigint)), (influx_time("time", '@ 2 secs'::interval, influx_fill_numeric(100))), ((tags ->> 'tag1'::text))
   InfluxDB query: SELECT sum("value1") FROM "tx" WHERE ((time >= '1970-01-01 00:00:00')) AND ((time <= '1970-01-01 00:00:15')) GROUP BY (time(0d0h0m2s0u)), ("tag1") fill(100)
(3 rows)

--Testcase 38:
SELECT sum((fields->>'value1')::bigint), influx_time(time,interval '2s', influx_fill_numeric(100)), tags->>'tag1' tag1 FROM "tx"
WHERE time >= '1970-01-01 00:00:00+00' and time <= '1970-01-01 0:00:15+00'
GROUP BY influx_time(time,interval '2s', influx_fill_numeric(100)), tags->>'tag1';
 sum |      influx_time       | tag1 
-----+------------------------+------
   3 | 1970-01-01 00:00:00+00 | a
   3 | 1970-01-01 00:00:02+00 | a
 100 | 1970-01-01 00:00:04+00 | a
 100 | 1970-01-01 00:00:06+00 | a
 100 | 1970-01-01 00:00:08+00 | a
 100 | 1970-01-01 00:00:10+00 | a
 100 | 1970-01-01 00:00:12+00 | a
 100 | 1970-01-01 00:00:14+00 | a
 100 | 1970-01-01 00:00:00+00 | b
  10 | 1970-01-01 00:00:02+00 | b
  50 | 1970-01-01 00:00:04+00 | b
 100 | 1970-01-01 00:00:06+00 | b
 170 | 1970-01-01 00:00:08+00 | b
 100 | 1970-01-01 00:00:10+00 | b
 100 | 1970-01-01 00:00:12+00 | b
 290 | 1970-01-01 00:00:14+00 | b
(16 rows)

--Testcase 39:
EXPLAIN (verbose)
SELECT sum((fields->>'value1')::bigint), influx_time(time,interval '2s', influx_fill_numeric(100.001)), tags->>'tag1' tag1 FROM "tx"
WHERE time >= '1970-01-01 00:00:00+00' and time <= '1970-01-01 0:00:15+00'
GROUP BY influx_time(time,interval '2s', influx_fill_numeric(100.001)), tags->>'tag1';
                                                                                     QUERY PLAN                                                                                     
------------------------------------------------------------------------------------------------------------------------------------------------------------------------------------
 Foreign Scan  (cost=1.00..1.00 rows=1 width=72)
   Output: (sum(((fields ->> 'value1'::text))::bigint)), (influx_time("time", '@ 2 secs'::interval, influx_fill_numeric('100.001'::double precision))), ((tags ->> 'tag1'::text))
   InfluxDB query: SELECT sum("value1") FROM "tx" WHERE ((time >= '1970-01-01 00:00:00')) AND ((time <= '1970-01-01 00:00:15')) GROUP BY (time(0d0h0m2s0u)), ("tag1") fill(100.001)
(3 rows)

--Testcase 40:
SELECT sum((fields->>'value1')::bigint), influx_time(time,interval '2s', influx_fill_numeric(100.001)), tags->>'tag1' tag1 FROM "tx"
WHERE time >= '1970-01-01 00:00:00+00' and time <= '1970-01-01 0:00:15+00'
GROUP BY influx_time(time,interval '2s', influx_fill_numeric(100.001)), tags->>'tag1';
   sum   |      influx_time       | tag1 
---------+------------------------+------
       3 | 1970-01-01 00:00:00+00 | a
       3 | 1970-01-01 00:00:02+00 | a
 100.001 | 1970-01-01 00:00:04+00 | a
 100.001 | 1970-01-01 00:00:06+00 | a
 100.001 | 1970-01-01 00:00:08+00 | a
 100.001 | 1970-01-01 00:00:10+00 | a
 100.001 | 1970-01-01 00:00:12+00 | a
 100.001 | 1970-01-01 00:00:14+00 | a
 100.001 | 1970-01-01 00:00:00+00 | b
      10 | 1970-01-01 00:00:02+00 | b
      50 | 1970-01-01 00:00:04+00 | b
 100.001 | 1970-01-01 00:00:06+00 | b
     170 | 1970-01-01 00:00:08+00 | b
 100.001 | 1970-01-01 00:00:10+00 | b
 100.001 | 1970-01-01 00:00:12+00 | b
     290 | 1970-01-01 00:00:14+00 | b
(16 rows)

--Testcase 41:
EXPLAIN (verbose)
SELECT sum((fields->>'value1')::bigint), influx_time(time,interval '2s',influx_fill_option('null')), tags->>'tag1' tag1 FROM "tx"
WHERE time >= '1970-01-01 00:00:00+00' and time <= '1970-01-01 0:00:15+00'
GROUP BY influx_time(time,interval '2s', influx_fill_option('null')), tags->>'tag1';
                                                                                   QUERY PLAN                                                                                    
---------------------------------------------------------------------------------------------------------------------------------------------------------------------------------
 Foreign Scan  (cost=1.00..1.00 rows=1 width=72)
   Output: (sum(((fields ->> 'value1'::text))::bigint)), (influx_time("time", '@ 2 secs'::interval, influx_fill_option('null'::influx_fill_enum))), ((tags ->> 'tag1'::text))
   InfluxDB query: SELECT sum("value1") FROM "tx" WHERE ((time >= '1970-01-01 00:00:00')) AND ((time <= '1970-01-01 00:00:15')) GROUP BY (time(0d0h0m2s0u)), ("tag1") fill(null)
(3 rows)

--Testcase 42:
SELECT sum((fields->>'value1')::bigint), influx_time(time,interval '2s',influx_fill_option('null')), tags->>'tag1' tag1 FROM "tx"
WHERE time >= '1970-01-01 00:00:00+00' and time <= '1970-01-01 0:00:15+00'
GROUP BY influx_time(time,interval '2s', influx_fill_option('null')), tags->>'tag1';
 sum |      influx_time       | tag1 
-----+------------------------+------
   3 | 1970-01-01 00:00:00+00 | a
   3 | 1970-01-01 00:00:02+00 | a
     | 1970-01-01 00:00:04+00 | a
     | 1970-01-01 00:00:06+00 | a
     | 1970-01-01 00:00:08+00 | a
     | 1970-01-01 00:00:10+00 | a
     | 1970-01-01 00:00:12+00 | a
     | 1970-01-01 00:00:14+00 | a
     | 1970-01-01 00:00:00+00 | b
  10 | 1970-01-01 00:00:02+00 | b
  50 | 1970-01-01 00:00:04+00 | b
     | 1970-01-01 00:00:06+00 | b
 170 | 1970-01-01 00:00:08+00 | b
     | 1970-01-01 00:00:10+00 | b
     | 1970-01-01 00:00:12+00 | b
 290 | 1970-01-01 00:00:14+00 | b
(16 rows)

--Testcase 43:
EXPLAIN (verbose)
SELECT sum((fields->>'value1')::bigint), influx_time(time,interval '2s',influx_fill_option('none')), tags->>'tag1' tag1 FROM "tx"
WHERE time >= '1970-01-01 00:00:00+00' and time <= '1970-01-01 0:00:15+00'
GROUP BY influx_time(time,interval '2s', influx_fill_option('none')), tags->>'tag1';
                                                                                   QUERY PLAN                                                                                    
---------------------------------------------------------------------------------------------------------------------------------------------------------------------------------
 Foreign Scan  (cost=1.00..1.00 rows=1 width=72)
   Output: (sum(((fields ->> 'value1'::text))::bigint)), (influx_time("time", '@ 2 secs'::interval, influx_fill_option('none'::influx_fill_enum))), ((tags ->> 'tag1'::text))
   InfluxDB query: SELECT sum("value1") FROM "tx" WHERE ((time >= '1970-01-01 00:00:00')) AND ((time <= '1970-01-01 00:00:15')) GROUP BY (time(0d0h0m2s0u)), ("tag1") fill(none)
(3 rows)

--Testcase 44:
SELECT sum((fields->>'value1')::bigint), influx_time(time,interval '2s',influx_fill_option('none')), tags->>'tag1' tag1 FROM "tx"
WHERE time >= '1970-01-01 00:00:00+00' and time <= '1970-01-01 0:00:15+00'
GROUP BY influx_time(time,interval '2s', influx_fill_option('none')), tags->>'tag1';
 sum |      influx_time       | tag1 
-----+------------------------+------
   3 | 1970-01-01 00:00:00+00 | a
   3 | 1970-01-01 00:00:02+00 | a
  10 | 1970-01-01 00:00:02+00 | b
  50 | 1970-01-01 00:00:04+00 | b
 170 | 1970-01-01 00:00:08+00 | b
 290 | 1970-01-01 00:00:14+00 | b
(6 rows)

--Testcase 45:
EXPLAIN (verbose)
SELECT sum((fields->>'value1')::bigint), influx_time(time,interval '2s',influx_fill_option('previous')), tags->>'tag1' tag1 FROM "tx"
WHERE time >= '1970-01-01 00:00:00+00' and time <= '1970-01-01 0:00:15+00'
GROUP BY influx_time(time,interval '2s', influx_fill_option('previous')), tags->>'tag1';
                                                                                     QUERY PLAN                                                                                      
-------------------------------------------------------------------------------------------------------------------------------------------------------------------------------------
 Foreign Scan  (cost=1.00..1.00 rows=1 width=72)
   Output: (sum(((fields ->> 'value1'::text))::bigint)), (influx_time("time", '@ 2 secs'::interval, influx_fill_option('previous'::influx_fill_enum))), ((tags ->> 'tag1'::text))
   InfluxDB query: SELECT sum("value1") FROM "tx" WHERE ((time >= '1970-01-01 00:00:00')) AND ((time <= '1970-01-01 00:00:15')) GROUP BY (time(0d0h0m2s0u)), ("tag1") fill(previous)
(3 rows)

--Testcase 46:
SELECT sum((fields->>'value1')::bigint), influx_time(time,interval '2s',influx_fill_option('previous')), tags->>'tag1' tag1 FROM "tx"
WHERE time >= '1970-01-01 00:00:00+00' and time <= '1970-01-01 0:00:15+00'
GROUP BY influx_time(time,interval '2s', influx_fill_option('previous')), tags->>'tag1';
 sum |      influx_time       | tag1 
-----+------------------------+------
   3 | 1970-01-01 00:00:00+00 | a
   3 | 1970-01-01 00:00:02+00 | a
   3 | 1970-01-01 00:00:04+00 | a
   3 | 1970-01-01 00:00:06+00 | a
   3 | 1970-01-01 00:00:08+00 | a
   3 | 1970-01-01 00:00:10+00 | a
   3 | 1970-01-01 00:00:12+00 | a
   3 | 1970-01-01 00:00:14+00 | a
     | 1970-01-01 00:00:00+00 | b
  10 | 1970-01-01 00:00:02+00 | b
  50 | 1970-01-01 00:00:04+00 | b
  50 | 1970-01-01 00:00:06+00 | b
 170 | 1970-01-01 00:00:08+00 | b
 170 | 1970-01-01 00:00:10+00 | b
 170 | 1970-01-01 00:00:12+00 | b
 290 | 1970-01-01 00:00:14+00 | b
(16 rows)

--Testcase 47:
EXPLAIN (verbose)
SELECT sum((fields->>'value1')::bigint), influx_time(time,interval '2s',influx_fill_option('linear')), tags->>'tag1' tag1 FROM "tx"
WHERE time >= '1970-01-01 00:00:00+00' and time <= '1970-01-01 0:00:15+00'
GROUP BY influx_time(time,interval '2s', influx_fill_option('linear')), tags->>'tag1';
                                                                                    QUERY PLAN                                                                                     
-----------------------------------------------------------------------------------------------------------------------------------------------------------------------------------
 Foreign Scan  (cost=1.00..1.00 rows=1 width=72)
   Output: (sum(((fields ->> 'value1'::text))::bigint)), (influx_time("time", '@ 2 secs'::interval, influx_fill_option('linear'::influx_fill_enum))), ((tags ->> 'tag1'::text))
   InfluxDB query: SELECT sum("value1") FROM "tx" WHERE ((time >= '1970-01-01 00:00:00')) AND ((time <= '1970-01-01 00:00:15')) GROUP BY (time(0d0h0m2s0u)), ("tag1") fill(linear)
(3 rows)

--Testcase 48:
SELECT sum((fields->>'value1')::bigint), influx_time(time,interval '2s',influx_fill_option('linear')), tags->>'tag1' tag1 FROM "tx"
WHERE time >= '1970-01-01 00:00:00+00' and time <= '1970-01-01 0:00:15+00'
GROUP BY influx_time(time,interval '2s', influx_fill_option('linear')), tags->>'tag1';
 sum |      influx_time       | tag1 
-----+------------------------+------
   3 | 1970-01-01 00:00:00+00 | a
   3 | 1970-01-01 00:00:02+00 | a
     | 1970-01-01 00:00:04+00 | a
     | 1970-01-01 00:00:06+00 | a
     | 1970-01-01 00:00:08+00 | a
     | 1970-01-01 00:00:10+00 | a
     | 1970-01-01 00:00:12+00 | a
     | 1970-01-01 00:00:14+00 | a
     | 1970-01-01 00:00:00+00 | b
  10 | 1970-01-01 00:00:02+00 | b
  50 | 1970-01-01 00:00:04+00 | b
 110 | 1970-01-01 00:00:06+00 | b
 170 | 1970-01-01 00:00:08+00 | b
 210 | 1970-01-01 00:00:10+00 | b
 250 | 1970-01-01 00:00:12+00 | b
 290 | 1970-01-01 00:00:14+00 | b
(16 rows)

--with tag1,tag2
--Testcase 49:
EXPLAIN (verbose)
SELECT sum((fields->>'value1')::bigint), influx_time(time,interval '2s', influx_fill_numeric(100)), tags->>'tag1' tag1, tags->>'tag2' tag2 FROM "tx"
WHERE time >= '1970-01-01 00:00:00+00' and time <= '1970-01-01 0:00:15+00'
GROUP BY influx_time(time,interval '2s', influx_fill_numeric(100)), tags->>'tag1', tags->>'tag2';
                                                                                        QUERY PLAN                                                                                        
------------------------------------------------------------------------------------------------------------------------------------------------------------------------------------------
 Foreign Scan  (cost=1.00..1.00 rows=1 width=104)
   Output: (sum(((fields ->> 'value1'::text))::bigint)), (influx_time("time", '@ 2 secs'::interval, influx_fill_numeric(100))), ((tags ->> 'tag1'::text)), ((tags ->> 'tag2'::text))
   InfluxDB query: SELECT sum("value1") FROM "tx" WHERE ((time >= '1970-01-01 00:00:00')) AND ((time <= '1970-01-01 00:00:15')) GROUP BY (time(0d0h0m2s0u)), ("tag1"), ("tag2") fill(100)
(3 rows)

--Testcase 50:
SELECT sum((fields->>'value1')::bigint), influx_time(time,interval '2s', influx_fill_numeric(100)), tags->>'tag1' tag1, tags->>'tag2' tag2 FROM "tx"
WHERE time >= '1970-01-01 00:00:00+00' and time <= '1970-01-01 0:00:15+00'
GROUP BY influx_time(time,interval '2s', influx_fill_numeric(100)), tags->>'tag1', tags->>'tag2';
 sum |      influx_time       | tag1 | tag2 
-----+------------------------+------+------
   1 | 1970-01-01 00:00:00+00 | a    | x
   3 | 1970-01-01 00:00:02+00 | a    | x
 100 | 1970-01-01 00:00:04+00 | a    | x
 100 | 1970-01-01 00:00:06+00 | a    | x
 100 | 1970-01-01 00:00:08+00 | a    | x
 100 | 1970-01-01 00:00:10+00 | a    | x
 100 | 1970-01-01 00:00:12+00 | a    | x
 100 | 1970-01-01 00:00:14+00 | a    | x
   2 | 1970-01-01 00:00:00+00 | a    | y
 100 | 1970-01-01 00:00:02+00 | a    | y
 100 | 1970-01-01 00:00:04+00 | a    | y
 100 | 1970-01-01 00:00:06+00 | a    | y
 100 | 1970-01-01 00:00:08+00 | a    | y
 100 | 1970-01-01 00:00:10+00 | a    | y
 100 | 1970-01-01 00:00:12+00 | a    | y
 100 | 1970-01-01 00:00:14+00 | a    | y
 100 | 1970-01-01 00:00:00+00 | b    | y
  10 | 1970-01-01 00:00:02+00 | b    | y
 100 | 1970-01-01 00:00:04+00 | b    | y
 100 | 1970-01-01 00:00:06+00 | b    | y
 100 | 1970-01-01 00:00:08+00 | b    | y
 100 | 1970-01-01 00:00:10+00 | b    | y
 100 | 1970-01-01 00:00:12+00 | b    | y
 100 | 1970-01-01 00:00:14+00 | b    | y
 100 | 1970-01-01 00:00:00+00 | b    | z
 100 | 1970-01-01 00:00:02+00 | b    | z
  50 | 1970-01-01 00:00:04+00 | b    | z
 100 | 1970-01-01 00:00:06+00 | b    | z
 170 | 1970-01-01 00:00:08+00 | b    | z
 100 | 1970-01-01 00:00:10+00 | b    | z
 100 | 1970-01-01 00:00:12+00 | b    | z
 290 | 1970-01-01 00:00:14+00 | b    | z
(32 rows)

--Testcase 51:
EXPLAIN (verbose)
SELECT sum((fields->>'value1')::bigint), influx_time(time,interval '2s', influx_fill_numeric(100.001)), tags->>'tag1' tag1, tags->>'tag2' tag2 FROM "tx"
WHERE time >= '1970-01-01 00:00:00+00' and time <= '1970-01-01 0:00:15+00'
GROUP BY influx_time(time,interval '2s', influx_fill_numeric(100.001)), tags->>'tag1', tags->>'tag2';
                                                                                                 QUERY PLAN                                                                                                  
-------------------------------------------------------------------------------------------------------------------------------------------------------------------------------------------------------------
 Foreign Scan  (cost=1.00..1.00 rows=1 width=104)
   Output: (sum(((fields ->> 'value1'::text))::bigint)), (influx_time("time", '@ 2 secs'::interval, influx_fill_numeric('100.001'::double precision))), ((tags ->> 'tag1'::text)), ((tags ->> 'tag2'::text))
   InfluxDB query: SELECT sum("value1") FROM "tx" WHERE ((time >= '1970-01-01 00:00:00')) AND ((time <= '1970-01-01 00:00:15')) GROUP BY (time(0d0h0m2s0u)), ("tag1"), ("tag2") fill(100.001)
(3 rows)

--Testcase 52:
SELECT sum((fields->>'value1')::bigint), influx_time(time,interval '2s', influx_fill_numeric(100.001)), tags->>'tag1' tag1, tags->>'tag2' tag2 FROM "tx"
WHERE time >= '1970-01-01 00:00:00+00' and time <= '1970-01-01 0:00:15+00'
GROUP BY influx_time(time,interval '2s', influx_fill_numeric(100.001)), tags->>'tag1', tags->>'tag2';
   sum   |      influx_time       | tag1 | tag2 
---------+------------------------+------+------
       1 | 1970-01-01 00:00:00+00 | a    | x
       3 | 1970-01-01 00:00:02+00 | a    | x
 100.001 | 1970-01-01 00:00:04+00 | a    | x
 100.001 | 1970-01-01 00:00:06+00 | a    | x
 100.001 | 1970-01-01 00:00:08+00 | a    | x
 100.001 | 1970-01-01 00:00:10+00 | a    | x
 100.001 | 1970-01-01 00:00:12+00 | a    | x
 100.001 | 1970-01-01 00:00:14+00 | a    | x
       2 | 1970-01-01 00:00:00+00 | a    | y
 100.001 | 1970-01-01 00:00:02+00 | a    | y
 100.001 | 1970-01-01 00:00:04+00 | a    | y
 100.001 | 1970-01-01 00:00:06+00 | a    | y
 100.001 | 1970-01-01 00:00:08+00 | a    | y
 100.001 | 1970-01-01 00:00:10+00 | a    | y
 100.001 | 1970-01-01 00:00:12+00 | a    | y
 100.001 | 1970-01-01 00:00:14+00 | a    | y
 100.001 | 1970-01-01 00:00:00+00 | b    | y
      10 | 1970-01-01 00:00:02+00 | b    | y
 100.001 | 1970-01-01 00:00:04+00 | b    | y
 100.001 | 1970-01-01 00:00:06+00 | b    | y
 100.001 | 1970-01-01 00:00:08+00 | b    | y
 100.001 | 1970-01-01 00:00:10+00 | b    | y
 100.001 | 1970-01-01 00:00:12+00 | b    | y
 100.001 | 1970-01-01 00:00:14+00 | b    | y
 100.001 | 1970-01-01 00:00:00+00 | b    | z
 100.001 | 1970-01-01 00:00:02+00 | b    | z
      50 | 1970-01-01 00:00:04+00 | b    | z
 100.001 | 1970-01-01 00:00:06+00 | b    | z
     170 | 1970-01-01 00:00:08+00 | b    | z
 100.001 | 1970-01-01 00:00:10+00 | b    | z
 100.001 | 1970-01-01 00:00:12+00 | b    | z
     290 | 1970-01-01 00:00:14+00 | b    | z
(32 rows)

-- unsupport syntax
--Testcase 53:
EXPLAIN (verbose)
SELECT influx_fill_numeric(100) FROM "tx";
                             QUERY PLAN                             
--------------------------------------------------------------------
 Foreign Scan on public.tx  (cost=10.00..4266.25 rows=3413 width=4)
   Output: influx_fill_numeric(100)
   InfluxDB query: SELECT * FROM "tx"
(3 rows)

--Testcase 54:
SELECT influx_fill_numeric(100) FROM "tx";
ERROR:  stub influx_fill_numeric(int) is called
CONTEXT:  PL/pgSQL function influx_fill_numeric(integer) line 3 at RAISE
--Testcase 55:
SELECT * FROM "tx" WHERE influx_fill_numeric(100) > 0;
ERROR:  influxdb_fdw: syntax error influx_fill_numeric() or influx_fill_option() must be embedded inside influx_time() function

--Testcase 56:
EXPLAIN (verbose)
SELECT influx_fill_option('linear') FROM "tx";
                             QUERY PLAN                             
--------------------------------------------------------------------
 Foreign Scan on public.tx  (cost=10.00..4266.25 rows=3413 width=4)
   Output: influx_fill_option('linear'::influx_fill_enum)
   InfluxDB query: SELECT * FROM "tx"
(3 rows)

--Testcase 57:
SELECT influx_fill_option('linear') FROM "tx";
ERROR:  stub influx_fill_option(influx_fill_enum) is called
CONTEXT:  PL/pgSQL function influx_fill_option(influx_fill_enum) line 3 at RAISE
--Testcase 58:
SELECT * FROM "tx" WHERE influx_fill_option('linear') > 0;
ERROR:  influxdb_fdw: syntax error influx_fill_numeric() or influx_fill_option() must be embedded inside influx_time() function

-- InfluxDB does not return error for the following query
--SELECT sum(value1) FROM t4 GROUP BY value1;
-- not allowed
--Testcase 59:
SELECT sum((fields->>'value1')::bigint) FROM t4 GROUP BY time;
 sum 
-----
  30
  20
  10
   1
   2
   3
(6 rows)

--last returns NULL for tag
--SELECT last(time, value1),last(time, value2),last(time, tag1) FROM t4 GROUP BY tag1;
--Testcase 60:
DROP FOREIGN TABLE t3;
--Testcase 61:
DROP FOREIGN TABLE t4;
--Testcase 62:
DROP FOREIGN TABLE cpu;
--Testcase 63:
DROP USER MAPPING FOR CURRENT_USER SERVER server1;
--Testcase 64:
DROP SERVER server1 CASCADE;
NOTICE:  drop cascades to 2 other objects
DETAIL:  drop cascades to foreign table numbers
drop cascades to foreign table tx
--Testcase 65:
DROP EXTENSION influxdb_fdw;
